<?xml version="1.0" encoding="UTF-8"?>
<robot generator="Robot 3.2.1 (Python 3.8.3 on win32)" generated="20200622 11:28:52.376" rpa="false">
<suite id="s1" name="Test" source="C:\Desenvolvimento\Projetos\repos\robot-beginner\test.robot">
<test id="s1-t1" name="Deve retornar mensagem de boas vindas">
<kw name="Welcome" library="app">
<arguments>
<arg>Gabriel</arg>
</arguments>
<assign>
<var>${result}</var>
</assign>
<msg timestamp="20200622 11:28:52.436" level="INFO">${result} = Olá Gabriel, bem vindo ao curso básico de Robot Framework!</msg>
<status status="PASS" starttime="20200622 11:28:52.435" endtime="20200622 11:28:52.436"></status>
</kw>
<kw name="Should Be Equal" library="BuiltIn">
<doc>Fails if the given objects are unequal.</doc>
<arguments>
<arg>${result}</arg>
<arg>Olá Gabriel, bem vindo ao curso básico de Robot Framework!</arg>
</arguments>
<status status="PASS" starttime="20200622 11:28:52.437" endtime="20200622 11:28:52.439"></status>
</kw>
<status status="PASS" starttime="20200622 11:28:52.434" endtime="20200622 11:28:52.440" critical="yes"></status>
</test>
<status status="PASS" starttime="20200622 11:28:52.381" endtime="20200622 11:28:52.450"></status>
</suite>
<statistics>
<total>
<stat pass="1" fail="0">Critical Tests</stat>
<stat pass="1" fail="0">All Tests</stat>
</total>
<tag>
</tag>
<suite>
<stat pass="1" fail="0" id="s1" name="Test">Test</stat>
</suite>
</statistics>
<errors>
</errors>
</robot>
