<?xml version="1.0" encoding="UTF-8"?>
<robot generator="Robot 3.2.1 (Python 3.8.3 on win32)" generated="20200622 18:19:44.511" rpa="false">
<suite id="s1" name="Radio" source="C:\Desenvolvimento\Projetos\repos\robot-beginner\web\radio.robot">
<test id="s1-t1" name="Should mark an radio button by its ID">
<kw name="Nova sessao" library="base" type="setup">
<kw name="Open Browser" library="SeleniumLibrary">
<doc>Opens a new browser instance to the optional ``url``.</doc>
<arguments>
<arg>${url}</arg>
<arg>chrome</arg>
</arguments>
<msg timestamp="20200622 18:19:44.928" level="INFO">Opening browser 'chrome' to base url 'http://training-wheels-protocol.herokuapp.com/'.</msg>
<status status="PASS" starttime="20200622 18:19:44.928" endtime="20200622 18:19:50.271"></status>
</kw>
<kw name="Capture Page Screenshot" library="SeleniumLibrary">
<doc>Takes a screenshot of the current page and embeds it into a log file.</doc>
<msg timestamp="20200622 18:19:50.694" level="INFO" html="yes">&lt;/td&gt;&lt;/tr&gt;&lt;tr&gt;&lt;td colspan="3"&gt;&lt;a href="selenium-screenshot-5.png"&gt;&lt;img src="selenium-screenshot-5.png" width="800px"&gt;&lt;/a&gt;</msg>
<status status="PASS" starttime="20200622 18:19:50.272" endtime="20200622 18:19:50.694"></status>
</kw>
<status status="PASS" starttime="20200622 18:19:44.927" endtime="20200622 18:19:50.695"></status>
</kw>
<kw name="Go To" library="SeleniumLibrary">
<doc>Navigates the current browser window to the provided ``url``.</doc>
<arguments>
<arg>${url}/radios</arg>
</arguments>
<msg timestamp="20200622 18:19:50.696" level="INFO">Opening url 'http://training-wheels-protocol.herokuapp.com//radios'</msg>
<status status="PASS" starttime="20200622 18:19:50.696" endtime="20200622 18:19:51.119"></status>
</kw>
<kw name="Select Radio Button" library="SeleniumLibrary">
<doc>Sets the radio button group ``group_name`` to ``value``.</doc>
<arguments>
<arg>movies</arg>
<arg>${radio_capAmerica}</arg>
</arguments>
<msg timestamp="20200622 18:19:51.122" level="INFO">Selecting 'cap' from radio button 'movies'.</msg>
<status status="PASS" starttime="20200622 18:19:51.121" endtime="20200622 18:19:51.236"></status>
</kw>
<kw name="Radio Button Should Be Set To" library="SeleniumLibrary">
<doc>Verifies radio button group ``group_name`` is set to ``value``.</doc>
<arguments>
<arg>movies</arg>
<arg>${radio_capAmerica}</arg>
</arguments>
<msg timestamp="20200622 18:19:51.238" level="INFO">Verifying radio button 'movies' has selection 'cap'.</msg>
<status status="PASS" starttime="20200622 18:19:51.237" endtime="20200622 18:19:51.274"></status>
</kw>
<kw name="Encerrar sessao" library="base" type="teardown">
<kw name="Sleep" library="BuiltIn">
<doc>Pauses the test executed for the given time.</doc>
<arguments>
<arg>2</arg>
</arguments>
<msg timestamp="20200622 18:19:53.278" level="INFO">Slept 2 seconds</msg>
<status status="PASS" starttime="20200622 18:19:51.276" endtime="20200622 18:19:53.278"></status>
</kw>
<kw name="Close Browser" library="SeleniumLibrary">
<doc>Closes the current browser.</doc>
<status status="PASS" starttime="20200622 18:19:53.278" endtime="20200622 18:19:56.799"></status>
</kw>
<status status="PASS" starttime="20200622 18:19:51.275" endtime="20200622 18:19:56.799"></status>
</kw>
<status status="PASS" starttime="20200622 18:19:44.926" endtime="20200622 18:19:56.800" critical="yes"></status>
</test>
<test id="s1-t2" name="Should mark an radio button by its Value">
<kw name="Nova sessao" library="base" type="setup">
<kw name="Open Browser" library="SeleniumLibrary">
<doc>Opens a new browser instance to the optional ``url``.</doc>
<arguments>
<arg>${url}</arg>
<arg>chrome</arg>
</arguments>
<msg timestamp="20200622 18:19:56.811" level="INFO">Opening browser 'chrome' to base url 'http://training-wheels-protocol.herokuapp.com/'.</msg>
<status status="PASS" starttime="20200622 18:19:56.810" endtime="20200622 18:20:07.098"></status>
</kw>
<kw name="Capture Page Screenshot" library="SeleniumLibrary">
<doc>Takes a screenshot of the current page and embeds it into a log file.</doc>
<msg timestamp="20200622 18:20:07.532" level="INFO" html="yes">&lt;/td&gt;&lt;/tr&gt;&lt;tr&gt;&lt;td colspan="3"&gt;&lt;a href="selenium-screenshot-6.png"&gt;&lt;img src="selenium-screenshot-6.png" width="800px"&gt;&lt;/a&gt;</msg>
<status status="PASS" starttime="20200622 18:20:07.098" endtime="20200622 18:20:07.532"></status>
</kw>
<status status="PASS" starttime="20200622 18:19:56.808" endtime="20200622 18:20:07.532"></status>
</kw>
<kw name="Go To" library="SeleniumLibrary">
<doc>Navigates the current browser window to the provided ``url``.</doc>
<arguments>
<arg>${url}/radios</arg>
</arguments>
<msg timestamp="20200622 18:20:07.535" level="INFO">Opening url 'http://training-wheels-protocol.herokuapp.com//radios'</msg>
<status status="PASS" starttime="20200622 18:20:07.534" endtime="20200622 18:20:08.337"></status>
</kw>
<kw name="Select Radio Button" library="SeleniumLibrary">
<doc>Sets the radio button group ``group_name`` to ``value``.</doc>
<arguments>
<arg>movies</arg>
<arg>${radio_guardioesDaGalaxia}</arg>
</arguments>
<msg timestamp="20200622 18:20:08.339" level="INFO">Selecting 'guardians' from radio button 'movies'.</msg>
<status status="PASS" starttime="20200622 18:20:08.338" endtime="20200622 18:20:08.603"></status>
</kw>
<kw name="Radio Button Should Be Set To" library="SeleniumLibrary">
<doc>Verifies radio button group ``group_name`` is set to ``value``.</doc>
<arguments>
<arg>movies</arg>
<arg>${radio_guardioesDaGalaxia}</arg>
</arguments>
<msg timestamp="20200622 18:20:08.605" level="INFO">Verifying radio button 'movies' has selection 'guardians'.</msg>
<status status="PASS" starttime="20200622 18:20:08.605" endtime="20200622 18:20:08.817"></status>
</kw>
<kw name="Encerrar sessao" library="base" type="teardown">
<kw name="Sleep" library="BuiltIn">
<doc>Pauses the test executed for the given time.</doc>
<arguments>
<arg>2</arg>
</arguments>
<msg timestamp="20200622 18:20:10.821" level="INFO">Slept 2 seconds</msg>
<status status="PASS" starttime="20200622 18:20:08.820" endtime="20200622 18:20:10.822"></status>
</kw>
<kw name="Close Browser" library="SeleniumLibrary">
<doc>Closes the current browser.</doc>
<status status="PASS" starttime="20200622 18:20:10.822" endtime="20200622 18:20:13.720"></status>
</kw>
<status status="PASS" starttime="20200622 18:20:08.818" endtime="20200622 18:20:13.720"></status>
</kw>
<status status="PASS" starttime="20200622 18:19:56.805" endtime="20200622 18:20:13.721" critical="yes"></status>
</test>
<status status="PASS" starttime="20200622 18:19:44.516" endtime="20200622 18:20:13.726"></status>
</suite>
<statistics>
<total>
<stat pass="2" fail="0">Critical Tests</stat>
<stat pass="2" fail="0">All Tests</stat>
</total>
<tag>
</tag>
<suite>
<stat pass="2" fail="0" id="s1" name="Radio">Radio</stat>
</suite>
</statistics>
<errors>
</errors>
</robot>
