<?xml version="1.0" encoding="UTF-8"?>
<robot generator="Robot 3.2.1 (Python 3.8.3 on win32)" generated="20200622 18:46:02.574" rpa="false">
<suite id="s1" name="Select" source="C:\Desenvolvimento\Projetos\repos\robot-beginner\web\select.robot">
<test id="s1-t1" name="Should select an option by its Label">
<kw name="Nova sessao" library="base" type="setup">
<kw name="Open Browser" library="SeleniumLibrary">
<doc>Opens a new browser instance to the optional ``url``.</doc>
<arguments>
<arg>${url}</arg>
<arg>chrome</arg>
</arguments>
<msg timestamp="20200622 18:46:03.024" level="INFO">Opening browser 'chrome' to base url 'http://training-wheels-protocol.herokuapp.com/'.</msg>
<status status="PASS" starttime="20200622 18:46:03.024" endtime="20200622 18:46:10.169"></status>
</kw>
<kw name="Capture Page Screenshot" library="SeleniumLibrary">
<doc>Takes a screenshot of the current page and embeds it into a log file.</doc>
<msg timestamp="20200622 18:46:10.673" level="INFO" html="yes">&lt;/td&gt;&lt;/tr&gt;&lt;tr&gt;&lt;td colspan="3"&gt;&lt;a href="selenium-screenshot-12.png"&gt;&lt;img src="selenium-screenshot-12.png" width="800px"&gt;&lt;/a&gt;</msg>
<status status="PASS" starttime="20200622 18:46:10.169" endtime="20200622 18:46:10.673"></status>
</kw>
<status status="PASS" starttime="20200622 18:46:03.023" endtime="20200622 18:46:10.673"></status>
</kw>
<kw name="Go To" library="SeleniumLibrary">
<doc>Navigates the current browser window to the provided ``url``.</doc>
<arguments>
<arg>${url}/dropdown</arg>
</arguments>
<msg timestamp="20200622 18:46:10.677" level="INFO">Opening url 'http://training-wheels-protocol.herokuapp.com//dropdown'</msg>
<status status="PASS" starttime="20200622 18:46:10.677" endtime="20200622 18:46:11.144"></status>
</kw>
<kw name="Select From List By Label" library="SeleniumLibrary">
<doc>Selects options from selection list ``locator`` by ``labels``.</doc>
<arguments>
<arg>class:avenger-list</arg>
<arg>${select_ScottLang}</arg>
</arguments>
<msg timestamp="20200622 18:46:11.145" level="INFO">Selecting options from selection list 'class:avenger-list' by label Scott Lang.</msg>
<status status="PASS" starttime="20200622 18:46:11.145" endtime="20200622 18:46:11.367"></status>
</kw>
<kw name="Get Selected List Value" library="SeleniumLibrary">
<doc>Returns the value of selected option from selection list ``locator``.</doc>
<arguments>
<arg>class:avenger-list</arg>
</arguments>
<assign>
<var>${selected}</var>
</assign>
<msg timestamp="20200622 18:46:11.810" level="INFO">${selected} = 7</msg>
<status status="PASS" starttime="20200622 18:46:11.376" endtime="20200622 18:46:11.811"></status>
</kw>
<kw name="Should Be Equal" library="BuiltIn">
<doc>Fails if the given objects are unequal.</doc>
<arguments>
<arg>${selected}</arg>
<arg>7</arg>
</arguments>
<status status="PASS" starttime="20200622 18:46:11.811" endtime="20200622 18:46:11.812"></status>
</kw>
<kw name="Encerrar sessao" library="base" type="teardown">
<kw name="Sleep" library="BuiltIn">
<doc>Pauses the test executed for the given time.</doc>
<arguments>
<arg>2</arg>
</arguments>
<msg timestamp="20200622 18:46:13.815" level="INFO">Slept 2 seconds</msg>
<status status="PASS" starttime="20200622 18:46:11.814" endtime="20200622 18:46:13.815"></status>
</kw>
<kw name="Close Browser" library="SeleniumLibrary">
<doc>Closes the current browser.</doc>
<status status="PASS" starttime="20200622 18:46:13.815" endtime="20200622 18:46:16.983"></status>
</kw>
<status status="PASS" starttime="20200622 18:46:11.813" endtime="20200622 18:46:16.983"></status>
</kw>
<status status="PASS" starttime="20200622 18:46:03.021" endtime="20200622 18:46:16.984" critical="yes"></status>
</test>
<test id="s1-t2" name="Should select an option by its Value">
<kw name="Nova sessao" library="base" type="setup">
<kw name="Open Browser" library="SeleniumLibrary">
<doc>Opens a new browser instance to the optional ``url``.</doc>
<arguments>
<arg>${url}</arg>
<arg>chrome</arg>
</arguments>
<msg timestamp="20200622 18:46:16.993" level="INFO">Opening browser 'chrome' to base url 'http://training-wheels-protocol.herokuapp.com/'.</msg>
<status status="PASS" starttime="20200622 18:46:16.992" endtime="20200622 18:46:22.565"></status>
</kw>
<kw name="Capture Page Screenshot" library="SeleniumLibrary">
<doc>Takes a screenshot of the current page and embeds it into a log file.</doc>
<msg timestamp="20200622 18:46:23.116" level="INFO" html="yes">&lt;/td&gt;&lt;/tr&gt;&lt;tr&gt;&lt;td colspan="3"&gt;&lt;a href="selenium-screenshot-13.png"&gt;&lt;img src="selenium-screenshot-13.png" width="800px"&gt;&lt;/a&gt;</msg>
<status status="PASS" starttime="20200622 18:46:22.566" endtime="20200622 18:46:23.117"></status>
</kw>
<status status="PASS" starttime="20200622 18:46:16.991" endtime="20200622 18:46:23.117"></status>
</kw>
<kw name="Go To" library="SeleniumLibrary">
<doc>Navigates the current browser window to the provided ``url``.</doc>
<arguments>
<arg>${url}/dropdown</arg>
</arguments>
<msg timestamp="20200622 18:46:23.119" level="INFO">Opening url 'http://training-wheels-protocol.herokuapp.com//dropdown'</msg>
<status status="PASS" starttime="20200622 18:46:23.118" endtime="20200622 18:46:23.659"></status>
</kw>
<kw name="Select From List By Value" library="SeleniumLibrary">
<doc>Selects options from selection list ``locator`` by ``values``.</doc>
<arguments>
<arg>id:dropdown</arg>
<arg>${select_Loki}</arg>
</arguments>
<msg timestamp="20200622 18:46:23.661" level="INFO">Selecting options from selection list 'id:dropdown' by value 6.</msg>
<status status="PASS" starttime="20200622 18:46:23.660" endtime="20200622 18:46:23.964"></status>
</kw>
<kw name="Get Selected List Label" library="SeleniumLibrary">
<doc>Returns the label of selected option from selection list ``locator``.</doc>
<arguments>
<arg>class:avenger-list</arg>
</arguments>
<assign>
<var>${selected}</var>
</assign>
<msg timestamp="20200622 18:46:24.267" level="INFO">${selected} = Loki</msg>
<status status="PASS" starttime="20200622 18:46:23.968" endtime="20200622 18:46:24.267"></status>
</kw>
<kw name="Should Be Equal" library="BuiltIn">
<doc>Fails if the given objects are unequal.</doc>
<arguments>
<arg>${selected}</arg>
<arg>Loki</arg>
</arguments>
<status status="PASS" starttime="20200622 18:46:24.268" endtime="20200622 18:46:24.269"></status>
</kw>
<kw name="Encerrar sessao" library="base" type="teardown">
<kw name="Sleep" library="BuiltIn">
<doc>Pauses the test executed for the given time.</doc>
<arguments>
<arg>2</arg>
</arguments>
<msg timestamp="20200622 18:46:26.277" level="INFO">Slept 2 seconds</msg>
<status status="PASS" starttime="20200622 18:46:24.275" endtime="20200622 18:46:26.277"></status>
</kw>
<kw name="Close Browser" library="SeleniumLibrary">
<doc>Closes the current browser.</doc>
<status status="PASS" starttime="20200622 18:46:26.277" endtime="20200622 18:46:28.543"></status>
</kw>
<status status="PASS" starttime="20200622 18:46:24.271" endtime="20200622 18:46:28.543"></status>
</kw>
<status status="PASS" starttime="20200622 18:46:16.990" endtime="20200622 18:46:28.544" critical="yes"></status>
</test>
<status status="PASS" starttime="20200622 18:46:02.581" endtime="20200622 18:46:28.547"></status>
</suite>
<statistics>
<total>
<stat pass="2" fail="0">Critical Tests</stat>
<stat pass="2" fail="0">All Tests</stat>
</total>
<tag>
</tag>
<suite>
<stat pass="2" fail="0" id="s1" name="Select">Select</stat>
</suite>
</statistics>
<errors>
</errors>
</robot>
